<?xml version="1.0" encoding="UTF-8"?>
<!-- Generated by org.testng.reporters.JUnitReportReporter -->
<testsuite hostname="R_Yamini" failures="0" tests="1" name="runner.TestRunner_Add_Plumber" time="22.497" errors="0" timestamp="2025-09-09T17:39:47 IST" skipped="0">
  <testcase classname="runner.TestRunner_Add_Plumber" name="runScenario" time="22.497"/>
</testsuite> <!-- runner.TestRunner_Add_Plumber -->
