<?xml version="1.0" encoding="UTF-8"?>
<!-- Generated by org.testng.reporters.JUnitReportReporter -->
<testsuite hostname="R_Yamini" failures="0" tests="2" name="runner.TestRunner_Home_Cleaning" time="54.167" errors="0" timestamp="2025-09-10T22:13:01 IST" skipped="0">
  <testcase classname="runner.TestRunner_Home_Cleaning" name="runScenario" time="26.079"/>
  <testcase classname="runner.TestRunner_Home_Cleaning" name="runScenario" time="28.088"/>
</testsuite> <!-- runner.TestRunner_Home_Cleaning -->
