<?xml version="1.0" encoding="UTF-8"?>
<!-- Generated by org.testng.reporters.JUnitReportReporter -->
<testsuite hostname="R_Yamini" failures="0" tests="4" name="runner.TestRunner_Login" time="114.149" errors="0" timestamp="2025-09-09T20:15:12 IST" skipped="0">
  <testcase classname="runner.TestRunner_Login" name="runScenario" time="10.159"/>
  <testcase classname="runner.TestRunner_Login" name="runScenario" time="53.622"/>
  <testcase classname="runner.TestRunner_Login" name="runScenario" time="35.883"/>
  <testcase classname="runner.TestRunner_Login" name="runScenario" time="14.485"/>
</testsuite> <!-- runner.TestRunner_Login -->
