<?xml version="1.0" encoding="UTF-8"?>
<!-- Generated by org.testng.reporters.JUnitReportReporter -->
<testsuite hostname="R_Yamini" failures="0" tests="2" name="runner.TestRunner_Plumbing_Service" time="61.165" errors="0" timestamp="2025-09-10T14:37:35 IST" skipped="0">
  <testcase classname="runner.TestRunner_Plumbing_Service" name="runScenario" time="28.542"/>
  <testcase classname="runner.TestRunner_Plumbing_Service" name="runScenario" time="32.623"/>
</testsuite> <!-- runner.TestRunner_Plumbing_Service -->
