<?xml version="1.0" encoding="UTF-8"?>
<!-- Generated by org.testng.reporters.JUnitReportReporter -->
<testsuite hostname="R_Yamini" failures="0" tests="1" name="runner.TestRunner_Renovation" time="25.578" errors="0" timestamp="2025-09-10T12:33:41 IST" skipped="0">
  <testcase classname="runner.TestRunner_Renovation" name="runScenario" time="25.578"/>
</testsuite> <!-- runner.TestRunner_Renovation -->
