<?xml version="1.0" encoding="UTF-8"?>
<!-- Generated by org.testng.reporters.JUnitReportReporter -->
<testsuite hostname="R_Yamini" failures="0" tests="1" name="runner.TestRunner_Carpentry_Selects" time="25.885" errors="0" timestamp="2025-09-09T22:29:22 IST" skipped="0">
  <testcase classname="runner.TestRunner_Carpentry_Selects" name="runScenario" time="25.885"/>
</testsuite> <!-- runner.TestRunner_Carpentry_Selects -->
