<?xml version="1.0" encoding="UTF-8"?>
<!-- Generated by org.testng.reporters.JUnitReportReporter -->
<testsuite hostname="R_Yamini" failures="0" tests="1" name="runner.TestRunner_Show_More_Plumbing" time="32.736" errors="0" timestamp="2025-09-09T18:54:44 IST" skipped="0">
  <testcase classname="runner.TestRunner_Show_More_Plumbing" name="runScenario" time="32.736"/>
</testsuite> <!-- runner.TestRunner_Show_More_Plumbing -->
