<?xml version="1.0" encoding="UTF-8"?>
<!-- Generated by org.testng.reporters.JUnitReportReporter -->
<testsuite hostname="R_Yamini" failures="0" tests="4" name="runner.TestRunner_Login" time="114.359" errors="0" timestamp="2025-09-09T13:50:08 IST" skipped="0">
  <testcase classname="runner.TestRunner_Login" name="runScenario" time="61.842"/>
  <testcase classname="runner.TestRunner_Login" name="runScenario" time="25.323"/>
  <testcase classname="runner.TestRunner_Login" name="runScenario" time="12.132"/>
  <testcase classname="runner.TestRunner_Login" name="runScenario" time="15.062"/>
</testsuite> <!-- runner.TestRunner_Login -->
