<?xml version="1.0" encoding="UTF-8"?>
<!-- Generated by org.testng.reporters.JUnitReportReporter -->
<testsuite hostname="R_Yamini" failures="0" tests="1" name="runner.TestRunner_Add_Plumber" time="24.445" errors="0" timestamp="2025-09-09T13:40:07 IST" skipped="0">
  <testcase classname="runner.TestRunner_Add_Plumber" name="runScenario" time="24.445"/>
</testsuite> <!-- runner.TestRunner_Add_Plumber -->
