<?xml version="1.0" encoding="UTF-8"?>
<!-- Generated by org.testng.reporters.JUnitReportReporter -->
<testsuite hostname="R_Yamini" failures="0" tests="1" name="runner.TestRunner_Help_Centre" time="17.882" errors="0" timestamp="2025-09-09T20:12:06 IST" skipped="0">
  <testcase classname="runner.TestRunner_Help_Centre" name="runScenario" time="17.882"/>
</testsuite> <!-- runner.TestRunner_Help_Centre -->
