<?xml version="1.0" encoding="UTF-8"?>
<!-- Generated by org.testng.reporters.JUnitReportReporter -->
<testsuite hostname="R_Yamini" failures="0" tests="1" name="runner.TestRunner_Plumbing_Service" time="25.498" errors="0" timestamp="2025-09-09T18:37:25 IST" skipped="0">
  <testcase classname="runner.TestRunner_Plumbing_Service" name="runScenario" time="25.498"/>
</testsuite> <!-- runner.TestRunner_Plumbing_Service -->
