<?xml version="1.0" encoding="UTF-8"?>
<!-- Generated by org.testng.reporters.JUnitReportReporter -->
<testsuite hostname="R_Yamini" failures="0" tests="1" name="runner.TestRunner_PaymentCancel" time="44.522" errors="0" timestamp="2025-09-09T20:11:31 IST" skipped="0">
  <testcase classname="runner.TestRunner_PaymentCancel" name="runScenario" time="44.522"/>
</testsuite> <!-- runner.TestRunner_PaymentCancel -->
