<?xml version="1.0" encoding="UTF-8"?>
<!-- Generated by org.testng.reporters.JUnitReportReporter -->
<testsuite hostname="R_Yamini" failures="0" tests="22" name="runner.TestRunner" time="375.058" errors="0" timestamp="2025-09-11T12:38:43 IST" skipped="0">
  <testcase classname="runner.TestRunner" name="runScenario" time="9.859"/>
  <testcase classname="runner.TestRunner" name="runScenario" time="8.151"/>
  <testcase classname="runner.TestRunner" name="runScenario" time="11.347"/>
  <testcase classname="runner.TestRunner" name="runScenario" time="21.234"/>
  <testcase classname="runner.TestRunner" name="runScenario" time="46.142"/>
  <testcase classname="runner.TestRunner" name="runScenario" time="10.641"/>
  <testcase classname="runner.TestRunner" name="runScenario" time="15.684"/>
  <testcase classname="runner.TestRunner" name="runScenario" time="21.886"/>
  <testcase classname="runner.TestRunner" name="runScenario" time="9.900"/>
  <testcase classname="runner.TestRunner" name="runScenario" time="10.496"/>
  <testcase classname="runner.TestRunner" name="runScenario" time="10.527"/>
  <testcase classname="runner.TestRunner" name="runScenario" time="14.553"/>
  <testcase classname="runner.TestRunner" name="runScenario" time="20.698"/>
  <testcase classname="runner.TestRunner" name="runScenario" time="25.470"/>
  <testcase classname="runner.TestRunner" name="runScenario" time="9.383"/>
  <testcase classname="runner.TestRunner" name="runScenario" time="12.024"/>
  <testcase classname="runner.TestRunner" name="runScenario" time="9.039"/>
  <testcase classname="runner.TestRunner" name="runScenario" time="10.201"/>
  <testcase classname="runner.TestRunner" name="runScenario" time="8.921"/>
  <testcase classname="runner.TestRunner" name="runScenario" time="40.179"/>
  <testcase classname="runner.TestRunner" name="runScenario" time="10.169"/>
  <testcase classname="runner.TestRunner" name="runScenario" time="38.554"/>
</testsuite> <!-- runner.TestRunner -->
