<?xml version="1.0" encoding="UTF-8"?>
<!-- Generated by org.testng.reporters.JUnitReportReporter -->
<testsuite hostname="R_Yamini" failures="0" tests="1" name="runner.TestRunner_Show_More_Plumbing" time="26.591" errors="0" timestamp="2025-09-09T17:28:57 IST" skipped="0">
  <testcase classname="runner.TestRunner_Show_More_Plumbing" name="runScenario" time="26.591"/>
</testsuite> <!-- runner.TestRunner_Show_More_Plumbing -->
