<?xml version="1.0" encoding="UTF-8"?>
<!-- Generated by org.testng.reporters.JUnitReportReporter -->
<testsuite hostname="R_Yamini" failures="0" tests="22" name="runner.TestRunner" time="414.919" errors="0" timestamp="2025-09-13T15:15:23 IST" skipped="0">
  <testcase classname="runner.TestRunner" name="runScenario" time="10.474"/>
  <testcase classname="runner.TestRunner" name="runScenario" time="24.325"/>
  <testcase classname="runner.TestRunner" name="runScenario" time="10.333"/>
  <testcase classname="runner.TestRunner" name="runScenario" time="9.048"/>
  <testcase classname="runner.TestRunner" name="runScenario" time="10.667"/>
  <testcase classname="runner.TestRunner" name="runScenario" time="40.040"/>
  <testcase classname="runner.TestRunner" name="runScenario" time="17.603"/>
  <testcase classname="runner.TestRunner" name="runScenario" time="19.304"/>
  <testcase classname="runner.TestRunner" name="runScenario" time="7.838"/>
  <testcase classname="runner.TestRunner" name="runScenario" time="28.237"/>
  <testcase classname="runner.TestRunner" name="runScenario" time="10.272"/>
  <testcase classname="runner.TestRunner" name="runScenario" time="16.124"/>
  <testcase classname="runner.TestRunner" name="runScenario" time="8.335"/>
  <testcase classname="runner.TestRunner" name="runScenario" time="46.982"/>
  <testcase classname="runner.TestRunner" name="runScenario" time="10.032"/>
  <testcase classname="runner.TestRunner" name="runScenario" time="10.273"/>
  <testcase classname="runner.TestRunner" name="runScenario" time="24.027"/>
  <testcase classname="runner.TestRunner" name="runScenario" time="52.248"/>
  <testcase classname="runner.TestRunner" name="runScenario" time="27.009"/>
  <testcase classname="runner.TestRunner" name="runScenario" time="10.542"/>
  <testcase classname="runner.TestRunner" name="runScenario" time="10.530"/>
  <testcase classname="runner.TestRunner" name="runScenario" time="10.676"/>
</testsuite> <!-- runner.TestRunner -->
