<?xml version="1.0" encoding="UTF-8"?>
<!-- Generated by org.testng.reporters.JUnitReportReporter -->
<testsuite hostname="R_Yamini" failures="0" tests="22" name="runner.TestRunner" time="384.672" errors="0" timestamp="2025-09-11T21:42:45 IST" skipped="0">
  <testcase classname="runner.TestRunner" name="runScenario" time="9.175"/>
  <testcase classname="runner.TestRunner" name="runScenario" time="8.445"/>
  <testcase classname="runner.TestRunner" name="runScenario" time="9.897"/>
  <testcase classname="runner.TestRunner" name="runScenario" time="10.689"/>
  <testcase classname="runner.TestRunner" name="runScenario" time="7.339"/>
  <testcase classname="runner.TestRunner" name="runScenario" time="9.812"/>
  <testcase classname="runner.TestRunner" name="runScenario" time="10.143"/>
  <testcase classname="runner.TestRunner" name="runScenario" time="10.683"/>
  <testcase classname="runner.TestRunner" name="runScenario" time="40.899"/>
  <testcase classname="runner.TestRunner" name="runScenario" time="21.288"/>
  <testcase classname="runner.TestRunner" name="runScenario" time="13.158"/>
  <testcase classname="runner.TestRunner" name="runScenario" time="20.274"/>
  <testcase classname="runner.TestRunner" name="runScenario" time="7.151"/>
  <testcase classname="runner.TestRunner" name="runScenario" time="13.982"/>
  <testcase classname="runner.TestRunner" name="runScenario" time="9.769"/>
  <testcase classname="runner.TestRunner" name="runScenario" time="9.232"/>
  <testcase classname="runner.TestRunner" name="runScenario" time="22.656"/>
  <testcase classname="runner.TestRunner" name="runScenario" time="21.384"/>
  <testcase classname="runner.TestRunner" name="runScenario" time="23.469"/>
  <testcase classname="runner.TestRunner" name="runScenario" time="42.940"/>
  <testcase classname="runner.TestRunner" name="runScenario" time="9.506"/>
  <testcase classname="runner.TestRunner" name="runScenario" time="52.781"/>
</testsuite> <!-- runner.TestRunner -->
