<?xml version="1.0" encoding="UTF-8"?>
<!-- Generated by org.testng.reporters.JUnitReportReporter -->
<testsuite hostname="R_Yamini" failures="0" tests="1" name="runner.TestRunner_Subscription" time="20.133" errors="0" timestamp="2025-09-09T22:38:25 IST" skipped="0">
  <testcase classname="runner.TestRunner_Subscription" name="runScenario" time="20.133"/>
</testsuite> <!-- runner.TestRunner_Subscription -->
