<?xml version="1.0" encoding="UTF-8"?>
<!-- Generated by org.testng.reporters.JUnitReportReporter -->
<testsuite hostname="R_Yamini" failures="0" tests="1" name="runner.TestRunner_Add_Plumber" time="45.300" errors="0" timestamp="2025-09-09T20:13:04 IST" skipped="0">
  <testcase classname="runner.TestRunner_Add_Plumber" name="runScenario" time="45.300"/>
</testsuite> <!-- runner.TestRunner_Add_Plumber -->
