<?xml version="1.0" encoding="UTF-8"?>
<!-- Generated by org.testng.reporters.JUnitReportReporter -->
<testsuite hostname="R_Yamini" failures="0" tests="4" name="runner.TestRunner_Login" time="91.037" errors="0" timestamp="2025-09-10T14:20:51 IST" skipped="0">
  <testcase classname="runner.TestRunner_Login" name="runScenario" time="21.656"/>
  <testcase classname="runner.TestRunner_Login" name="runScenario" time="52.511"/>
  <testcase classname="runner.TestRunner_Login" name="runScenario" time="9.417"/>
  <testcase classname="runner.TestRunner_Login" name="runScenario" time="7.453"/>
</testsuite> <!-- runner.TestRunner_Login -->
