<?xml version="1.0" encoding="UTF-8"?>
<!-- Generated by org.testng.reporters.JUnitReportReporter -->
<testsuite hostname="R_Yamini" failures="0" tests="2" name="runner.NewTest_Painting" time="41.265" errors="0" timestamp="2025-09-11T10:25:51 IST" skipped="0">
  <testcase classname="runner.NewTest_Painting" name="runScenario" time="20.163"/>
  <testcase classname="runner.NewTest_Painting" name="runScenario" time="21.102"/>
</testsuite> <!-- runner.NewTest_Painting -->
