<?xml version="1.0" encoding="UTF-8"?>
<!-- Generated by org.testng.reporters.JUnitReportReporter -->
<testsuite hostname="R_Yamini" failures="0" tests="2" name="runner.TestRunner_Carpentry_Selects" time="45.365" errors="0" timestamp="2025-09-10T19:36:22 IST" skipped="0">
  <testcase classname="runner.TestRunner_Carpentry_Selects" name="runScenario" time="18.869"/>
  <testcase classname="runner.TestRunner_Carpentry_Selects" name="runScenario" time="26.496"/>
</testsuite> <!-- runner.TestRunner_Carpentry_Selects -->
