<?xml version="1.0" encoding="UTF-8"?>
<!-- Generated by org.testng.reporters.JUnitReportReporter -->
<testsuite hostname="R_Yamini" failures="0" tests="2" name="runner.TestRunner_SalesAgreement" time="86.686" errors="0" timestamp="2025-09-10T19:27:38 IST" skipped="0">
  <testcase classname="runner.TestRunner_SalesAgreement" name="runScenario" time="45.167"/>
  <testcase classname="runner.TestRunner_SalesAgreement" name="runScenario" time="41.519"/>
</testsuite> <!-- runner.TestRunner_SalesAgreement -->
