<?xml version="1.0" encoding="UTF-8"?>
<!-- Generated by org.testng.reporters.JUnitReportReporter -->
<testsuite hostname="R_Yamini" failures="0" tests="22" name="runner.TestRunner" time="387.145" errors="0" timestamp="2025-09-12T22:38:01 IST" skipped="0">
  <testcase classname="runner.TestRunner" name="runScenario" time="24.326"/>
  <testcase classname="runner.TestRunner" name="runScenario" time="53.594"/>
  <testcase classname="runner.TestRunner" name="runScenario" time="19.498"/>
  <testcase classname="runner.TestRunner" name="runScenario" time="9.670"/>
  <testcase classname="runner.TestRunner" name="runScenario" time="10.023"/>
  <testcase classname="runner.TestRunner" name="runScenario" time="7.996"/>
  <testcase classname="runner.TestRunner" name="runScenario" time="25.196"/>
  <testcase classname="runner.TestRunner" name="runScenario" time="36.328"/>
  <testcase classname="runner.TestRunner" name="runScenario" time="8.916"/>
  <testcase classname="runner.TestRunner" name="runScenario" time="9.776"/>
  <testcase classname="runner.TestRunner" name="runScenario" time="19.121"/>
  <testcase classname="runner.TestRunner" name="runScenario" time="22.257"/>
  <testcase classname="runner.TestRunner" name="runScenario" time="39.859"/>
  <testcase classname="runner.TestRunner" name="runScenario" time="9.830"/>
  <testcase classname="runner.TestRunner" name="runScenario" time="22.211"/>
  <testcase classname="runner.TestRunner" name="runScenario" time="9.267"/>
  <testcase classname="runner.TestRunner" name="runScenario" time="9.570"/>
  <testcase classname="runner.TestRunner" name="runScenario" time="9.669"/>
  <testcase classname="runner.TestRunner" name="runScenario" time="8.736"/>
  <testcase classname="runner.TestRunner" name="runScenario" time="14.886"/>
  <testcase classname="runner.TestRunner" name="runScenario" time="9.629"/>
  <testcase classname="runner.TestRunner" name="runScenario" time="6.787"/>
</testsuite> <!-- runner.TestRunner -->
