<?xml version="1.0" encoding="UTF-8"?>
<!-- Generated by org.testng.reporters.JUnitReportReporter -->
<testsuite hostname="R_Yamini" failures="0" tests="1" name="runner.TestRunner" time="13.161" errors="0" timestamp="2025-09-11T20:26:17 IST" skipped="0">
  <testcase classname="runner.TestRunner" name="runScenario" time="13.161"/>
</testsuite> <!-- runner.TestRunner -->
