<?xml version="1.0" encoding="UTF-8"?>
<!-- Generated by org.testng.reporters.JUnitReportReporter -->
<testsuite hostname="R_Yamini" failures="0" tests="1" name="runner.TestRunner_Carpentry_Service" time="23.696" errors="0" timestamp="2025-09-09T22:33:34 IST" skipped="0">
  <testcase classname="runner.TestRunner_Carpentry_Service" name="runScenario" time="23.696"/>
</testsuite> <!-- runner.TestRunner_Carpentry_Service -->
