<?xml version="1.0" encoding="UTF-8"?>
<!-- Generated by org.testng.reporters.JUnitReportReporter -->
<testsuite hostname="R_Yamini" failures="0" tests="2" name="runner.TestRunner_SalesAgreement" time="81.333" errors="0" timestamp="2025-09-10T19:44:02 IST" skipped="0">
  <testcase classname="runner.TestRunner_SalesAgreement" name="runScenario" time="40.446"/>
  <testcase classname="runner.TestRunner_SalesAgreement" name="runScenario" time="40.887"/>
</testsuite> <!-- runner.TestRunner_SalesAgreement -->
