<?xml version="1.0" encoding="UTF-8"?>
<!-- Generated by org.testng.reporters.JUnitReportReporter -->
<testsuite hostname="R_Yamini" failures="0" tests="4" name="runner.TestRunner_Login" time="90.584" errors="0" timestamp="2025-09-09T22:35:20 IST" skipped="0">
  <testcase classname="runner.TestRunner_Login" name="runScenario" time="50.506"/>
  <testcase classname="runner.TestRunner_Login" name="runScenario" time="8.753"/>
  <testcase classname="runner.TestRunner_Login" name="runScenario" time="20.526"/>
  <testcase classname="runner.TestRunner_Login" name="runScenario" time="10.799"/>
</testsuite> <!-- runner.TestRunner_Login -->
