<?xml version="1.0" encoding="UTF-8"?>
<!-- Generated by org.testng.reporters.JUnitReportReporter -->
<testsuite hostname="R_Yamini" failures="0" tests="4" name="runner.TestRunner_Login" time="101.639" errors="0" timestamp="2025-09-09T17:27:15 IST" skipped="0">
  <testcase classname="runner.TestRunner_Login" name="runScenario" time="9.337"/>
  <testcase classname="runner.TestRunner_Login" name="runScenario" time="54.565"/>
  <testcase classname="runner.TestRunner_Login" name="runScenario" time="15.839"/>
  <testcase classname="runner.TestRunner_Login" name="runScenario" time="21.898"/>
</testsuite> <!-- runner.TestRunner_Login -->
