<?xml version="1.0" encoding="UTF-8"?>
<!-- Generated by org.testng.reporters.JUnitReportReporter -->
<testsuite hostname="R_Yamini" failures="0" tests="1" name="runner.TestRunner_Plumbing_Service" time="20.269" errors="0" timestamp="2025-09-08T21:10:42 IST" skipped="0">
  <testcase classname="runner.TestRunner_Plumbing_Service" name="runScenario" time="20.269"/>
</testsuite> <!-- runner.TestRunner_Plumbing_Service -->
