<?xml version="1.0" encoding="UTF-8"?>
<!-- Generated by org.testng.reporters.JUnitReportReporter -->
<testsuite hostname="R_Yamini" failures="0" tests="1" name="runner.TestRunner_Plumbing_Service" time="23.519" errors="0" timestamp="2025-09-09T13:39:09 IST" skipped="0">
  <testcase classname="runner.TestRunner_Plumbing_Service" name="runScenario" time="23.519"/>
</testsuite> <!-- runner.TestRunner_Plumbing_Service -->
