<?xml version="1.0" encoding="UTF-8"?>
<!-- Generated by org.testng.reporters.JUnitReportReporter -->
<testsuite hostname="R_Yamini" failures="0" tests="22" name="runner.TestRunner" time="372.267" errors="0" timestamp="2025-09-13T16:43:48 IST" skipped="0">
  <testcase classname="runner.TestRunner" name="runScenario" time="7.466"/>
  <testcase classname="runner.TestRunner" name="runScenario" time="9.282"/>
  <testcase classname="runner.TestRunner" name="runScenario" time="9.727"/>
  <testcase classname="runner.TestRunner" name="runScenario" time="9.096"/>
  <testcase classname="runner.TestRunner" name="runScenario" time="46.932"/>
  <testcase classname="runner.TestRunner" name="runScenario" time="15.235"/>
  <testcase classname="runner.TestRunner" name="runScenario" time="15.153"/>
  <testcase classname="runner.TestRunner" name="runScenario" time="7.087"/>
  <testcase classname="runner.TestRunner" name="runScenario" time="8.454"/>
  <testcase classname="runner.TestRunner" name="runScenario" time="36.413"/>
  <testcase classname="runner.TestRunner" name="runScenario" time="9.767"/>
  <testcase classname="runner.TestRunner" name="runScenario" time="9.862"/>
  <testcase classname="runner.TestRunner" name="runScenario" time="9.623"/>
  <testcase classname="runner.TestRunner" name="runScenario" time="9.712"/>
  <testcase classname="runner.TestRunner" name="runScenario" time="9.938"/>
  <testcase classname="runner.TestRunner" name="runScenario" time="11.694"/>
  <testcase classname="runner.TestRunner" name="runScenario" time="19.289"/>
  <testcase classname="runner.TestRunner" name="runScenario" time="23.518"/>
  <testcase classname="runner.TestRunner" name="runScenario" time="21.247"/>
  <testcase classname="runner.TestRunner" name="runScenario" time="23.829"/>
  <testcase classname="runner.TestRunner" name="runScenario" time="40.755"/>
  <testcase classname="runner.TestRunner" name="runScenario" time="18.188"/>
</testsuite> <!-- runner.TestRunner -->
