<?xml version="1.0" encoding="UTF-8"?>
<!-- Generated by org.testng.reporters.JUnitReportReporter -->
<testsuite hostname="R_Yamini" failures="0" tests="2" name="runner.TestRunner_Carpentry_Selects" time="60.011" errors="0" timestamp="2025-09-10T16:58:32 IST" skipped="0">
  <testcase classname="runner.TestRunner_Carpentry_Selects" name="runScenario" time="31.595"/>
  <testcase classname="runner.TestRunner_Carpentry_Selects" name="runScenario" time="28.416"/>
</testsuite> <!-- runner.TestRunner_Carpentry_Selects -->
