<?xml version="1.0" encoding="UTF-8"?>
<!-- Generated by org.testng.reporters.JUnitReportReporter -->
<testsuite hostname="R_Yamini" failures="0" tests="1" name="runner.TestRunner_Subscription" time="19.581" errors="0" timestamp="2025-09-09T18:19:34 IST" skipped="0">
  <testcase classname="runner.TestRunner_Subscription" name="runScenario" time="19.581"/>
</testsuite> <!-- runner.TestRunner_Subscription -->
