<?xml version="1.0" encoding="UTF-8"?>
<!-- Generated by org.testng.reporters.JUnitReportReporter -->
<testsuite hostname="R_Yamini" failures="0" tests="22" name="runner.TestRunner" time="394.424" errors="0" timestamp="2025-09-12T09:55:10 IST" skipped="0">
  <testcase classname="runner.TestRunner" name="runScenario" time="28.895"/>
  <testcase classname="runner.TestRunner" name="runScenario" time="9.398"/>
  <testcase classname="runner.TestRunner" name="runScenario" time="9.201"/>
  <testcase classname="runner.TestRunner" name="runScenario" time="9.433"/>
  <testcase classname="runner.TestRunner" name="runScenario" time="9.601"/>
  <testcase classname="runner.TestRunner" name="runScenario" time="17.367"/>
  <testcase classname="runner.TestRunner" name="runScenario" time="41.882"/>
  <testcase classname="runner.TestRunner" name="runScenario" time="22.126"/>
  <testcase classname="runner.TestRunner" name="runScenario" time="24.934"/>
  <testcase classname="runner.TestRunner" name="runScenario" time="8.581"/>
  <testcase classname="runner.TestRunner" name="runScenario" time="10.448"/>
  <testcase classname="runner.TestRunner" name="runScenario" time="36.505"/>
  <testcase classname="runner.TestRunner" name="runScenario" time="54.662"/>
  <testcase classname="runner.TestRunner" name="runScenario" time="16.205"/>
  <testcase classname="runner.TestRunner" name="runScenario" time="11.831"/>
  <testcase classname="runner.TestRunner" name="runScenario" time="8.484"/>
  <testcase classname="runner.TestRunner" name="runScenario" time="15.747"/>
  <testcase classname="runner.TestRunner" name="runScenario" time="11.097"/>
  <testcase classname="runner.TestRunner" name="runScenario" time="8.353"/>
  <testcase classname="runner.TestRunner" name="runScenario" time="10.034"/>
  <testcase classname="runner.TestRunner" name="runScenario" time="8.484"/>
  <testcase classname="runner.TestRunner" name="runScenario" time="21.156"/>
</testsuite> <!-- runner.TestRunner -->
