<?xml version="1.0" encoding="UTF-8"?>
<!-- Generated by org.testng.reporters.JUnitReportReporter -->
<testsuite hostname="R_Yamini" failures="0" tests="3" name="runner.TestRunner_Login" time="33.049" errors="0" timestamp="2025-09-08T21:09:37 IST" skipped="0">
  <testcase classname="runner.TestRunner_Login" name="runScenario" time="17.594"/>
  <testcase classname="runner.TestRunner_Login" name="runScenario" time="7.381"/>
  <testcase classname="runner.TestRunner_Login" name="runScenario" time="8.074"/>
</testsuite> <!-- runner.TestRunner_Login -->
