<?xml version="1.0" encoding="UTF-8"?>
<!-- Generated by org.testng.reporters.JUnitReportReporter -->
<testsuite hostname="R_Yamini" failures="0" tests="22" name="runner.TestRunner" time="406.061" errors="0" timestamp="2025-09-13T12:22:16 IST" skipped="0">
  <testcase classname="runner.TestRunner" name="runScenario" time="10.930"/>
  <testcase classname="runner.TestRunner" name="runScenario" time="15.466"/>
  <testcase classname="runner.TestRunner" name="runScenario" time="10.929"/>
  <testcase classname="runner.TestRunner" name="runScenario" time="24.605"/>
  <testcase classname="runner.TestRunner" name="runScenario" time="11.150"/>
  <testcase classname="runner.TestRunner" name="runScenario" time="10.134"/>
  <testcase classname="runner.TestRunner" name="runScenario" time="8.099"/>
  <testcase classname="runner.TestRunner" name="runScenario" time="20.635"/>
  <testcase classname="runner.TestRunner" name="runScenario" time="9.820"/>
  <testcase classname="runner.TestRunner" name="runScenario" time="10.901"/>
  <testcase classname="runner.TestRunner" name="runScenario" time="11.453"/>
  <testcase classname="runner.TestRunner" name="runScenario" time="25.609"/>
  <testcase classname="runner.TestRunner" name="runScenario" time="7.736"/>
  <testcase classname="runner.TestRunner" name="runScenario" time="15.123"/>
  <testcase classname="runner.TestRunner" name="runScenario" time="41.276"/>
  <testcase classname="runner.TestRunner" name="runScenario" time="17.443"/>
  <testcase classname="runner.TestRunner" name="runScenario" time="34.754"/>
  <testcase classname="runner.TestRunner" name="runScenario" time="10.438"/>
  <testcase classname="runner.TestRunner" name="runScenario" time="9.629"/>
  <testcase classname="runner.TestRunner" name="runScenario" time="38.573"/>
  <testcase classname="runner.TestRunner" name="runScenario" time="50.519"/>
  <testcase classname="runner.TestRunner" name="runScenario" time="10.839"/>
</testsuite> <!-- runner.TestRunner -->
