<?xml version="1.0" encoding="UTF-8"?>
<!-- Generated by org.testng.reporters.JUnitReportReporter -->
<testsuite hostname="R_Yamini" failures="0" tests="1" name="runner.TestRunner_VIP_Plans" time="22.403" errors="0" timestamp="2025-09-10T22:33:22 IST" skipped="0">
  <testcase classname="runner.TestRunner_VIP_Plans" name="runScenario" time="22.403"/>
</testsuite> <!-- runner.TestRunner_VIP_Plans -->
