<?xml version="1.0" encoding="UTF-8"?>
<!-- Generated by org.testng.reporters.JUnitReportReporter -->
<testsuite hostname="R_Yamini" failures="0" tests="1" name="runner.TestRunner_Show_More_Plumbing" time="24.700" errors="0" timestamp="2025-09-09T21:56:13 IST" skipped="0">
  <testcase classname="runner.TestRunner_Show_More_Plumbing" name="runScenario" time="24.700"/>
</testsuite> <!-- runner.TestRunner_Show_More_Plumbing -->
