<?xml version="1.0" encoding="UTF-8"?>
<!-- Generated by org.testng.reporters.JUnitReportReporter -->
<testsuite hostname="R_Yamini" failures="0" tests="1" name="runner.TestRunner_PaymentCancel" time="28.108" errors="0" timestamp="2025-09-10T08:08:08 IST" skipped="0">
  <testcase classname="runner.TestRunner_PaymentCancel" name="runScenario" time="28.108"/>
</testsuite> <!-- runner.TestRunner_PaymentCancel -->
