<?xml version="1.0" encoding="UTF-8"?>
<!-- Generated by org.testng.reporters.JUnitReportReporter -->
<testsuite hostname="R_Yamini" failures="0" tests="1" name="runner.TestRunner_Help_Centre" time="14.788" errors="0" timestamp="2025-09-10T14:35:51 IST" skipped="0">
  <testcase classname="runner.TestRunner_Help_Centre" name="runScenario" time="14.788"/>
</testsuite> <!-- runner.TestRunner_Help_Centre -->
