<?xml version="1.0" encoding="UTF-8"?>
<!-- Generated by org.testng.reporters.JUnitReportReporter -->
<testsuite hostname="R_Yamini" failures="0" tests="1" name="runner.TestRunner_Plumbing_Service" time="21.507" errors="0" timestamp="2025-09-09T09:17:28 IST" skipped="0">
  <testcase classname="runner.TestRunner_Plumbing_Service" name="runScenario" time="21.507"/>
</testsuite> <!-- runner.TestRunner_Plumbing_Service -->
